<?xml version="1.0" encoding="UTF-8"?>
<!-- Generated by org.testng.reporters.JUnitReportReporter -->
<testsuite hostname="DESKTOP-DPMMA68" name="frames.MultipleFrames" tests="1" failures="0" timestamp="11 Apr 2022 10:22:23 GMT" time="280.514" errors="0">
  <testcase name="FramesDemo" time="280.514" classname="frames.MultipleFrames"/>
</testsuite> <!-- frames.MultipleFrames -->
